<?xml version="1.0" encoding="UTF-8"?>
<!-- Generated by org.testng.reporters.JUnitReportReporter -->
<testsuite hostname="SRINIVAS" failures="0" tests="4" name="com.selenium.utils.ExcelDataProviderDemo" time="0.007" errors="0" timestamp="2024-10-04T10:45:22 IST" skipped="0">
  <testcase classname="com.selenium.utils.ExcelDataProviderDemo" name="test1" time="0.005"/>
  <testcase classname="com.selenium.utils.ExcelDataProviderDemo" name="test1" time="0.001"/>
  <testcase classname="com.selenium.utils.ExcelDataProviderDemo" name="test1" time="0.001"/>
  <testcase classname="com.selenium.utils.ExcelDataProviderDemo" name="test1" time="0.000"/>
</testsuite> <!-- com.selenium.utils.ExcelDataProviderDemo -->
