<?xml version="1.0" encoding="UTF-8"?>
<!-- Generated by org.testng.reporters.JUnitReportReporter -->
<testsuite hostname="SRINIVAS" failures="0" tests="3" name="com.selenium.utils.DataProviderDemo" time="0.008" errors="0" timestamp="2024-10-26T14:30:35 IST" skipped="0">
  <testcase classname="com.selenium.utils.DataProviderDemo" name="testMethod" time="0.006"/>
  <testcase classname="com.selenium.utils.DataProviderDemo" name="testMethod" time="0.001"/>
  <testcase classname="com.selenium.utils.DataProviderDemo" name="testMethod" time="0.001"/>
</testsuite> <!-- com.selenium.utils.DataProviderDemo -->
