<?xml version="1.0" encoding="UTF-8"?>
<!-- Generated by org.testng.reporters.JUnitReportReporter -->
<testsuite hostname="SRINIVAS" failures="0" tests="1" name="com.selenium.revision.demo.ParametersOptional" time="0.010" errors="0" timestamp="2024-10-11T05:10:54 IST" skipped="0">
  <testcase classname="com.selenium.revision.demo.ParametersOptional" name="test1" time="0.010"/>
</testsuite> <!-- com.selenium.revision.demo.ParametersOptional -->
