<?xml version="1.0" encoding="UTF-8"?>
<!-- Generated by org.testng.reporters.JUnitReportReporter -->
<testsuite hostname="SRINIVAS" failures="0" tests="1" name="com.selenium.revision.demo.IgnoreDemo" time="0.008" errors="0" timestamp="2024-10-11T05:29:02 IST" skipped="0">
  <testcase classname="com.selenium.revision.demo.IgnoreDemo" name="name" time="0.008"/>
</testsuite> <!-- com.selenium.revision.demo.IgnoreDemo -->
