<?xml version="1.0" encoding="UTF-8"?>
<!-- Generated by org.testng.reporters.JUnitReportReporter -->
<testsuite hostname="SRINIVAS" failures="0" tests="1" name="ExtetntReportswithTestNGDemo" time="0.884" errors="0" timestamp="2024-09-28T23:24:38 IST" skipped="0">
  <testcase classname="ExtetntReportswithTestNGDemo" name="searchTextInGoogle" time="0.884"/>
</testsuite> <!-- ExtetntReportswithTestNGDemo -->
