<?xml version="1.0" encoding="UTF-8"?>
<!-- Generated by org.testng.reporters.JUnitReportReporter -->
<testsuite hostname="SRINIVAS" failures="0" tests="2" name="com.java.restassured.RestAssuredDemo" time="1.752" errors="0" timestamp="2024-10-21T13:55:09 IST" skipped="0">
  <testcase classname="com.java.restassured.RestAssuredDemo" name="test_02" time="0.557"/>
  <testcase classname="com.java.restassured.RestAssuredDemo" name="test_01" time="1.195"/>
</testsuite> <!-- com.java.restassured.RestAssuredDemo -->
