<?xml version="1.0" encoding="UTF-8"?>
<!-- Generated by org.testng.reporters.JUnitReportReporter -->
<testsuite hostname="SRINIVAS" failures="0" tests="1" name="com.java.restassured.RESTAssured_ALLDemo" time="1.534" errors="0" timestamp="2024-10-22T12:40:36 IST" skipped="0">
  <testcase classname="com.java.restassured.RESTAssured_ALLDemo" name="testDelete" time="1.534"/>
</testsuite> <!-- com.java.restassured.RESTAssured_ALLDemo -->
